<?xml version="1.0" encoding="UTF-8"?>
<testng-results skipped="0" failed="0" ignored="0" total="1" passed="1">
  <reporter-output>
  </reporter-output>
  <suite name="Default suite" duration-ms="1282" started-at="2019-08-01T05:19:25Z" finished-at="2019-08-01T05:19:26Z">
    <groups>
    </groups>
    <test name="Default test" duration-ms="1282" started-at="2019-08-01T05:19:25Z" finished-at="2019-08-01T05:19:26Z">
      <class name="first.com.preparation.FirstScript">
        <test-method status="PASS" signature="main()[pri:0, instance:first.com.preparation.FirstScript@5b1669c0]" name="main" duration-ms="1264" started-at="2019-08-01T05:19:25Z" finished-at="2019-08-01T05:19:26Z">
          <reporter-output>
          </reporter-output>
        </test-method> <!-- main -->
      </class> <!-- first.com.preparation.FirstScript -->
    </test> <!-- Default test -->
  </suite> <!-- Default suite -->
</testng-results>
